Using pre-set license
Built from '2020.3/release' branch; Version is '2020.3.31f1 (6b54b7616050) revision 7034039'; Using compiler version '192528614'; Build Type 'Release'
OS: 'Windows 10  (10.0.19044) 64bit Professional' Language: 'en' Physical Memory: 16305 MB
BatchMode: 1, IsHumanControllingUs: 0, StartBugReporterOnCrash: 0, Is64bit: 1, IsPro: 0

COMMAND LINE ARGUMENTS:
C:\Program Files\Unity\Hub\Editor\2020.3.31f1\Editor\Unity.exe
-adb2
-batchMode
-noUpm
-name
AssetImportWorker0
-projectPath
C:/Users/vihuy/Nreal 2
-logFile
Logs/AssetImportWorker0.log
-srvPort
50283
Successfully changed project path to: C:/Users/vihuy/Nreal 2
C:/Users/vihuy/Nreal 2
Using Asset Import Pipeline V2.
Refreshing native plugins compatible for Editor in 70.28 ms, found 9 plugins.
Preloading 1 native plugins for Editor in 1.42 ms.
Initialize engine version: 2020.3.31f1 (6b54b7616050)
[Subsystems] Discovering subsystems at path C:/Program Files/Unity/Hub/Editor/2020.3.31f1/Editor/Data/Resources/UnitySubsystems
[Subsystems] Discovering subsystems at path C:/Users/vihuy/Nreal 2/Assets
GfxDevice: creating device client; threaded=0
Direct3D:
    Version:  Direct3D 11.0 [level 11.1]
    Renderer: Intel(R) Iris(R) Graphics 540 (ID=0x1926)
    Vendor:   
    VRAM:     8152 MB
    Driver:   24.20.100.6299
Initialize mono
Mono path[0] = 'C:/Program Files/Unity/Hub/Editor/2020.3.31f1/Editor/Data/Managed'
Mono path[1] = 'C:/Program Files/Unity/Hub/Editor/2020.3.31f1/Editor/Data/MonoBleedingEdge/lib/mono/unityjit'
Mono config path = 'C:/Program Files/Unity/Hub/Editor/2020.3.31f1/Editor/Data/MonoBleedingEdge/etc'
Using monoOptions --debugger-agent=transport=dt_socket,embedding=1,server=y,suspend=n,address=127.0.0.1:56312
Begin MonoManager ReloadAssembly
Registering precompiled unity dll's ...
Register platform support module: C:/Program Files/Unity/Hub/Editor/2020.3.31f1/Editor/Data/PlaybackEngines/WindowsStandaloneSupport/UnityEditor.WindowsStandalone.Extensions.dll
Registered in 0.002639 seconds.
Native extension for WindowsStandalone target not found
Refreshing native plugins compatible for Editor in 53.76 ms, found 9 plugins.
Preloading 1 native plugins for Editor in 0.13 ms.
Mono: successfully reloaded assembly
- Completed reload, in  0.705 seconds
Domain Reload Profiling:
	ReloadAssembly (705ms)
		BeginReloadAssembly (80ms)
			ExecutionOrderSort (0ms)
			DisableScriptedObjects (0ms)
			BackupInstance (0ms)
			ReleaseScriptingObjects (0ms)
			CreateAndSetChildDomain (1ms)
		EndReloadAssembly (536ms)
			LoadAssemblies (77ms)
			RebuildTransferFunctionScriptingTraits (0ms)
			SetupTypeCache (179ms)
			ReleaseScriptCaches (0ms)
			RebuildScriptCaches (36ms)
			SetupLoadedEditorAssemblies (198ms)
				LogAssemblyErrors (0ms)
				InitializePlatformSupportModulesInManaged (5ms)
				SetLoadedEditorAssemblies (0ms)
				RefreshPlugins (54ms)
				BeforeProcessingInitializeOnLoad (8ms)
				ProcessInitializeOnLoadAttributes (97ms)
				ProcessInitializeOnLoadMethodAttributes (33ms)
				AfterProcessingInitializeOnLoad (0ms)
				EditorAssembliesLoaded (0ms)
			ExecutionOrderSort2 (0ms)
			AwakeInstancesAfterBackupRestoration (0ms)
Platform modules already initialized, skipping
Registering precompiled user dll's ...
Registered in 0.009332 seconds.
Begin MonoManager ReloadAssembly
Native extension for WindowsStandalone target not found
Refreshing native plugins compatible for Editor in 54.65 ms, found 9 plugins.
Preloading 1 native plugins for Editor in 0.13 ms.
Mono: successfully reloaded assembly
- Completed reload, in  1.341 seconds
Domain Reload Profiling:
	ReloadAssembly (1342ms)
		BeginReloadAssembly (187ms)
			ExecutionOrderSort (0ms)
			DisableScriptedObjects (5ms)
			BackupInstance (0ms)
			ReleaseScriptingObjects (0ms)
			CreateAndSetChildDomain (22ms)
		EndReloadAssembly (1076ms)
			LoadAssemblies (126ms)
			RebuildTransferFunctionScriptingTraits (0ms)
			SetupTypeCache (347ms)
			ReleaseScriptCaches (0ms)
			RebuildScriptCaches (58ms)
			SetupLoadedEditorAssemblies (400ms)
				LogAssemblyErrors (0ms)
				InitializePlatformSupportModulesInManaged (4ms)
				SetLoadedEditorAssemblies (0ms)
				RefreshPlugins (55ms)
				BeforeProcessingInitializeOnLoad (101ms)
				ProcessInitializeOnLoadAttributes (220ms)
				ProcessInitializeOnLoadMethodAttributes (11ms)
				AfterProcessingInitializeOnLoad (8ms)
				EditorAssembliesLoaded (0ms)
			ExecutionOrderSort2 (0ms)
			AwakeInstancesAfterBackupRestoration (8ms)
Platform modules already initialized, skipping
========================================================================
Worker process is ready to serve import requests
Launched and connected shader compiler UnityShaderCompiler.exe after 0.09 seconds
Refreshing native plugins compatible for Editor in 0.65 ms, found 9 plugins.
Preloading 1 native plugins for Editor in 0.14 ms.
Unloading 2261 Unused Serialized files (Serialized files now loaded: 0)
System memory in use before: 92.2 MB.
System memory in use after: 92.3 MB.

Unloading 19 unused Assets to reduce memory usage. Loaded Objects now: 2696.
Total: 3.636000 ms (FindLiveObjects: 0.202300 ms CreateObjectMapping: 0.092900 ms MarkObjects: 3.217900 ms  DeleteObjects: 0.122000 ms)

AssetImportParameters requested are different than current active one (requested -> active):
  custom:framework-win-MediaFoundation: 216162199b28c13a410421893ffa2e32 -> 
  custom:video-decoder-ogg-theora: a1e56fd34408186e4bbccfd4996cb3dc -> 
  custom:container-muxer-webm: aa71ff27fc2769a1b78a27578f13a17b -> 
  custom:container-demuxer-webm: 4f35f7cbe854078d1ac9338744f61a02 -> 
  custom:container-demuxer-ogg: 62fdf1f143b41e24485cea50d1cbac27 -> 
  custom:video-encoder-webm-vp8: eb34c28f22e8b96e1ab97ce403110664 -> 
  custom:video-codec-MediaFoundation-h265: 746d11721c4dcdbdad8f713fa42b33f4 -> 
  custom:video-decoder-webm-vp8: 9c59270c3fd7afecdb556c50c9e8de78 -> 
  custom:audio-decoder-ogg-vorbis: bf7c407c2cedff20999df2af8eb42d56 -> 
  custom:audio-encoder-webm-vorbis: bf7c407c2cedff20999df2af8eb42d56 -> 
========================================================================
Received Import Request.
  path: Assets/XR/XRGeneralSettings.asset
  artifactKey: Guid(58f40b12bbc864f3c96c6505a9a1e1e3) Importer(815301076,1909f56bfc062723c751e8b465ee728b)
Start importing Assets/XR/XRGeneralSettings.asset using Guid(58f40b12bbc864f3c96c6505a9a1e1e3) Importer(815301076,1909f56bfc062723c751e8b465ee728b)  -> (artifact id: '5d38b0111d70c21da00612e9c1c12505') in 0.060110 seconds 
========================================================================
Received Import Request.
  Time since last request: 0.000274 seconds.
  path: Assets/Plugins
  artifactKey: Guid(a3397ca59aa2845d9b6915a23e597665) Importer(815301076,1909f56bfc062723c751e8b465ee728b)
Start importing Assets/Plugins using Guid(a3397ca59aa2845d9b6915a23e597665) Importer(815301076,1909f56bfc062723c751e8b465ee728b)  -> (artifact id: '9b762022d8a34ee7ec612090c73b60fe') in 0.015643 seconds 
========================================================================
Received Import Request.
  Time since last request: 0.132021 seconds.
  path: Assets/XR/Loaders
  artifactKey: Guid(a32a3f371f53d4bc48a72b7ff053cf13) Importer(815301076,1909f56bfc062723c751e8b465ee728b)
Start importing Assets/XR/Loaders using Guid(a32a3f371f53d4bc48a72b7ff053cf13) Importer(815301076,1909f56bfc062723c751e8b465ee728b)  -> (artifact id: '5e330e3269068a4f6bb2b36c245e584b') in 0.013441 seconds 
========================================================================
Received Import Request.
  Time since last request: 0.072261 seconds.
  path: Assets/XR/Loaders/AR Core Loader.asset
  artifactKey: Guid(9b09f0106dcd341a980bb4a4d59799d1) Importer(815301076,1909f56bfc062723c751e8b465ee728b)
Start importing Assets/XR/Loaders/AR Core Loader.asset using Guid(9b09f0106dcd341a980bb4a4d59799d1) Importer(815301076,1909f56bfc062723c751e8b465ee728b)  -> (artifact id: 'e7e865f157ca1f197449fe144d983b42') in 0.008294 seconds 
========================================================================
Received Import Request.
  Time since last request: 0.000310 seconds.
  path: Assets/XR/Loaders/AR Kit Loader.asset
  artifactKey: Guid(de0ea855f920d4e3a8db461dc3454566) Importer(815301076,1909f56bfc062723c751e8b465ee728b)
Start importing Assets/XR/Loaders/AR Kit Loader.asset using Guid(de0ea855f920d4e3a8db461dc3454566) Importer(815301076,1909f56bfc062723c751e8b465ee728b)  -> (artifact id: 'af9d175fe5528191874354c2d42ddc4d') in 0.018087 seconds 
========================================================================
Received Import Request.
  Time since last request: 0.000559 seconds.
  path: Assets/XR/Loaders/Windows MR Loader.asset
  artifactKey: Guid(093e39eb86b0c4629b1a94c0c0068fa3) Importer(815301076,1909f56bfc062723c751e8b465ee728b)
Start importing Assets/XR/Loaders/Windows MR Loader.asset using Guid(093e39eb86b0c4629b1a94c0c0068fa3) Importer(815301076,1909f56bfc062723c751e8b465ee728b)  -> (artifact id: 'a23b1eb0c297d9c9bf763869d06a073b') in 0.018286 seconds 
========================================================================
Received Import Request.
  Time since last request: 5.729576 seconds.
  path: Assets/Scenes/BlankAR.unity
  artifactKey: Guid(6bdce89659816455b9f906fc62d19910) Importer(815301076,1909f56bfc062723c751e8b465ee728b)
Start importing Assets/Scenes/BlankAR.unity using Guid(6bdce89659816455b9f906fc62d19910) Importer(815301076,1909f56bfc062723c751e8b465ee728b)  -> (artifact id: '3e09ad5b204da757436aa20c97fbcab7') in 0.011610 seconds 
AssetImportWorkerClient::OnTransportError - code=2 error=End of file
